<?xml version="1.0" encoding="UTF-8"?>
<!-- Generated by org.testng.reporters.JUnitReportReporter -->
<testsuite hostname="DESKTOP-G7LJERD" failures="0" tests="1" name="com.Jenkins.BasicMavenSeleniumTest.AppTest" time="0.000" errors="0" timestamp="07 Apr 2020 14:51:00 GMT" skipped="0">
  <testcase classname="com.Jenkins.BasicMavenSeleniumTest.AppTest" name="testApp" time="0.000"/>
</testsuite> <!-- com.Jenkins.BasicMavenSeleniumTest.AppTest -->
