<?xml version="1.0" encoding="UTF-8"?>
<!-- Generated by org.testng.reporters.JUnitReportReporter -->
<testsuite hostname="DESKTOP-G7LJERD" failures="0" tests="1" name="com.Jenkins.BasicMavenSeleniumTest.SeleniumTest2" time="15.182" errors="0" timestamp="07 Apr 2020 15:23:09 GMT" skipped="0">
  <testcase classname="com.Jenkins.BasicMavenSeleniumTest.SeleniumTest2" name="test2" time="15.182"/>
</testsuite> <!-- com.Jenkins.BasicMavenSeleniumTest.SeleniumTest2 -->
