<?xml version="1.0" encoding="UTF-8"?>
<!-- Generated by org.testng.reporters.JUnitReportReporter -->
<testsuite hostname="DESKTOP-G7LJERD" failures="0" tests="1" name="com.Jenkins.BasicMavenSeleniumTest.SeleniumTest" time="15.320" errors="0" timestamp="07 Apr 2020 15:21:28 GMT" skipped="0">
  <testcase classname="com.Jenkins.BasicMavenSeleniumTest.SeleniumTest" name="test1" time="15.320"/>
</testsuite> <!-- com.Jenkins.BasicMavenSeleniumTest.SeleniumTest -->
